[15-Feb-2026 00:52:23 UTC] PHP Warning:  wp_version_check(): An unexpected error occurred. Something may be wrong with WordPress.org or this server&#8217;s configuration. If you continue to have problems, please try the <a href="https://wordpress.org/support/forums/">support forums</a>. (WordPress could not establish a secure connection to WordPress.org. Please contact your server administrator.) in /wordpress/wp-includes/functions.php on line 6131
[15-Feb-2026 00:55:01 UTC] PHP Deprecated:  Creation of dynamic property LaunchPad\Settings\Advanced::$id is deprecated in /wordpress/wp-content/themes/lifterlms-launchpad/app/Settings/Advanced.php on line 9
[15-Feb-2026 00:55:01 UTC] PHP Deprecated:  Creation of dynamic property LaunchPad\Settings\Advanced::$label is deprecated in /wordpress/wp-content/themes/lifterlms-launchpad/app/Settings/Advanced.php on line 10
[15-Feb-2026 00:55:01 UTC] PHP Deprecated:  Creation of dynamic property LaunchPad\Settings\Advanced::$menu_order is deprecated in /wordpress/wp-content/themes/lifterlms-launchpad/app/Settings/Advanced.php on line 11
[15-Feb-2026 00:55:01 UTC] PHP Deprecated:  Creation of dynamic property LaunchPad\Settings\BreadCrumbs::$id is deprecated in /wordpress/wp-content/themes/lifterlms-launchpad/app/Settings/BreadCrumbs.php on line 11
[15-Feb-2026 00:55:01 UTC] PHP Deprecated:  Creation of dynamic property LaunchPad\Settings\BreadCrumbs::$label is deprecated in /wordpress/wp-content/themes/lifterlms-launchpad/app/Settings/BreadCrumbs.php on line 12
[15-Feb-2026 00:55:01 UTC] PHP Deprecated:  Creation of dynamic property LaunchPad\Settings\BreadCrumbs::$menu_order is deprecated in /wordpress/wp-content/themes/lifterlms-launchpad/app/Settings/BreadCrumbs.php on line 13
[15-Feb-2026 00:55:01 UTC] PHP Deprecated:  Creation of dynamic property LaunchPad\Settings\Footer::$id is deprecated in /wordpress/wp-content/themes/lifterlms-launchpad/app/Settings/Footer.php on line 12
[15-Feb-2026 00:55:01 UTC] PHP Deprecated:  Creation of dynamic property LaunchPad\Settings\Footer::$label is deprecated in /wordpress/wp-content/themes/lifterlms-launchpad/app/Settings/Footer.php on line 13
[15-Feb-2026 00:55:01 UTC] PHP Deprecated:  Creation of dynamic property LaunchPad\Settings\Footer::$menu_order is deprecated in /wordpress/wp-content/themes/lifterlms-launchpad/app/Settings/Footer.php on line 14
[15-Feb-2026 00:55:01 UTC] PHP Deprecated:  Creation of dynamic property LaunchPad\Settings\Header::$id is deprecated in /wordpress/wp-content/themes/lifterlms-launchpad/app/Settings/Header.php on line 11
[15-Feb-2026 00:55:01 UTC] PHP Deprecated:  Creation of dynamic property LaunchPad\Settings\Header::$label is deprecated in /wordpress/wp-content/themes/lifterlms-launchpad/app/Settings/Header.php on line 12
[15-Feb-2026 00:55:01 UTC] PHP Deprecated:  Creation of dynamic property LaunchPad\Settings\Header::$menu_order is deprecated in /wordpress/wp-content/themes/lifterlms-launchpad/app/Settings/Header.php on line 13
[15-Feb-2026 00:55:01 UTC] PHP Deprecated:  Creation of dynamic property LaunchPad\Settings\Layout::$id is deprecated in /wordpress/wp-content/themes/lifterlms-launchpad/app/Settings/Layout.php on line 12
[15-Feb-2026 00:55:01 UTC] PHP Deprecated:  Creation of dynamic property LaunchPad\Settings\Layout::$label is deprecated in /wordpress/wp-content/themes/lifterlms-launchpad/app/Settings/Layout.php on line 13
[15-Feb-2026 00:55:01 UTC] PHP Deprecated:  Creation of dynamic property LaunchPad\Settings\Layout::$menu_order is deprecated in /wordpress/wp-content/themes/lifterlms-launchpad/app/Settings/Layout.php on line 14
[15-Feb-2026 00:55:01 UTC] PHP Deprecated:  Creation of dynamic property LaunchPad\Settings\LinksAndButtons::$id is deprecated in /wordpress/wp-content/themes/lifterlms-launchpad/app/Settings/LinksAndButtons.php on line 11
[15-Feb-2026 00:55:01 UTC] PHP Deprecated:  Creation of dynamic property LaunchPad\Settings\LinksAndButtons::$label is deprecated in /wordpress/wp-content/themes/lifterlms-launchpad/app/Settings/LinksAndButtons.php on line 12
[15-Feb-2026 00:55:01 UTC] PHP Deprecated:  Creation of dynamic property LaunchPad\Settings\LinksAndButtons::$menu_order is deprecated in /wordpress/wp-content/themes/lifterlms-launchpad/app/Settings/LinksAndButtons.php on line 13
[15-Feb-2026 00:55:01 UTC] PHP Deprecated:  Creation of dynamic property LaunchPad\Settings\Typography::$id is deprecated in /wordpress/wp-content/themes/lifterlms-launchpad/app/Settings/Typography.php on line 11
[15-Feb-2026 00:55:01 UTC] PHP Deprecated:  Creation of dynamic property LaunchPad\Settings\Typography::$label is deprecated in /wordpress/wp-content/themes/lifterlms-launchpad/app/Settings/Typography.php on line 12
[15-Feb-2026 00:55:01 UTC] PHP Deprecated:  Creation of dynamic property LaunchPad\Settings\Typography::$menu_order is deprecated in /wordpress/wp-content/themes/lifterlms-launchpad/app/Settings/Typography.php on line 13
[15-Feb-2026 00:55:01 UTC] PHP Deprecated:  Creation of dynamic property LaunchPad\Settings\Typography::$fonts is deprecated in /wordpress/wp-content/themes/lifterlms-launchpad/app/Settings/Typography.php on line 15
[15-Feb-2026 01:19:12 UTC] PHP Deprecated:  Creation of dynamic property LaunchPad\ThemeLayout\HeaderLayout::$logo is deprecated in /wordpress/wp-content/themes/lifterlms-launchpad/app/ThemeLayout/HeaderLayout.php on line 98
[15-Feb-2026 01:19:12 UTC] PHP Deprecated:  Creation of dynamic property LaunchPad\ThemeLayout\HeaderLayout::$display_tagline is deprecated in /wordpress/wp-content/themes/lifterlms-launchpad/app/ThemeLayout/HeaderLayout.php on line 99
[15-Feb-2026 01:19:12 UTC] PHP Deprecated:  Creation of dynamic property LaunchPad\ThemeLayout\HeaderLayout::$branding_cols is deprecated in /wordpress/wp-content/themes/lifterlms-launchpad/app/ThemeLayout/HeaderLayout.php on line 102
[15-Feb-2026 01:19:12 UTC] PHP Deprecated:  Creation of dynamic property LaunchPad\ThemeLayout\HeaderLayout::$navigation_cols is deprecated in /wordpress/wp-content/themes/lifterlms-launchpad/app/ThemeLayout/HeaderLayout.php on line 103
[15-Feb-2026 01:19:12 UTC] PHP Deprecated:  Creation of dynamic property LaunchPad\ThemeLayout\HeaderLayout::$menu_args is deprecated in /wordpress/wp-content/themes/lifterlms-launchpad/app/ThemeLayout/HeaderLayout.php on line 105
[15-Feb-2026 01:19:12 UTC] PHP Deprecated:  Creation of dynamic property LaunchPad\ThemeLayout\HeaderLayout::$hide_header is deprecated in /wordpress/wp-content/themes/lifterlms-launchpad/app/ThemeLayout/HeaderLayout.php on line 111
[15-Feb-2026 01:19:12 UTC] PHP Deprecated:  Creation of dynamic property LaunchPad\ThemeLayout\EmbeddedStyles::$google_font_families is deprecated in /wordpress/wp-content/themes/lifterlms-launchpad/app/ThemeLayout/EmbeddedStyles.php on line 456
[15-Feb-2026 01:19:12 UTC] PHP Deprecated:  Creation of dynamic property LaunchPad\ThemeLayout\EmbeddedStyles::$lifterlms_text_alignment_account_tile_title is deprecated in /wordpress/wp-content/themes/lifterlms-launchpad/app/ThemeLayout/EmbeddedStyles.php on line 640
[15-Feb-2026 01:19:12 UTC] PHP Deprecated:  Creation of dynamic property LaunchPad\ThemeLayout\HeaderLayout::$logo is deprecated in /wordpress/wp-content/themes/lifterlms-launchpad/app/ThemeLayout/HeaderLayout.php on line 98
[15-Feb-2026 01:19:12 UTC] PHP Deprecated:  Creation of dynamic property LaunchPad\ThemeLayout\HeaderLayout::$display_tagline is deprecated in /wordpress/wp-content/themes/lifterlms-launchpad/app/ThemeLayout/HeaderLayout.php on line 99
[15-Feb-2026 01:19:12 UTC] PHP Deprecated:  Creation of dynamic property LaunchPad\ThemeLayout\HeaderLayout::$branding_cols is deprecated in /wordpress/wp-content/themes/lifterlms-launchpad/app/ThemeLayout/HeaderLayout.php on line 102
[15-Feb-2026 01:19:12 UTC] PHP Deprecated:  Creation of dynamic property LaunchPad\ThemeLayout\HeaderLayout::$navigation_cols is deprecated in /wordpress/wp-content/themes/lifterlms-launchpad/app/ThemeLayout/HeaderLayout.php on line 103
[15-Feb-2026 01:19:12 UTC] PHP Deprecated:  Creation of dynamic property LaunchPad\ThemeLayout\HeaderLayout::$menu_args is deprecated in /wordpress/wp-content/themes/lifterlms-launchpad/app/ThemeLayout/HeaderLayout.php on line 105
[15-Feb-2026 01:19:12 UTC] PHP Deprecated:  Creation of dynamic property LaunchPad\ThemeLayout\HeaderLayout::$hide_header is deprecated in /wordpress/wp-content/themes/lifterlms-launchpad/app/ThemeLayout/HeaderLayout.php on line 111
[15-Feb-2026 01:55:18 UTC] PHP Deprecated:  Creation of dynamic property LaunchPad\ThemeLayout\HeaderLayout::$logo is deprecated in /wordpress/wp-content/themes/lifterlms-launchpad/app/ThemeLayout/HeaderLayout.php on line 98
[15-Feb-2026 01:55:18 UTC] PHP Deprecated:  Creation of dynamic property LaunchPad\ThemeLayout\HeaderLayout::$display_tagline is deprecated in /wordpress/wp-content/themes/lifterlms-launchpad/app/ThemeLayout/HeaderLayout.php on line 99
[15-Feb-2026 01:55:18 UTC] PHP Deprecated:  Creation of dynamic property LaunchPad\ThemeLayout\HeaderLayout::$branding_cols is deprecated in /wordpress/wp-content/themes/lifterlms-launchpad/app/ThemeLayout/HeaderLayout.php on line 102
[15-Feb-2026 01:55:18 UTC] PHP Deprecated:  Creation of dynamic property LaunchPad\ThemeLayout\HeaderLayout::$navigation_cols is deprecated in /wordpress/wp-content/themes/lifterlms-launchpad/app/ThemeLayout/HeaderLayout.php on line 103
[15-Feb-2026 01:55:18 UTC] PHP Deprecated:  Creation of dynamic property LaunchPad\ThemeLayout\HeaderLayout::$menu_args is deprecated in /wordpress/wp-content/themes/lifterlms-launchpad/app/ThemeLayout/HeaderLayout.php on line 105
[15-Feb-2026 01:55:18 UTC] PHP Deprecated:  Creation of dynamic property LaunchPad\ThemeLayout\HeaderLayout::$hide_header is deprecated in /wordpress/wp-content/themes/lifterlms-launchpad/app/ThemeLayout/HeaderLayout.php on line 111
[15-Feb-2026 01:55:18 UTC] PHP Deprecated:  Creation of dynamic property LaunchPad\ThemeLayout\EmbeddedStyles::$google_font_families is deprecated in /wordpress/wp-content/themes/lifterlms-launchpad/app/ThemeLayout/EmbeddedStyles.php on line 456
[15-Feb-2026 01:55:18 UTC] PHP Deprecated:  Creation of dynamic property LaunchPad\ThemeLayout\EmbeddedStyles::$lifterlms_text_alignment_account_tile_title is deprecated in /wordpress/wp-content/themes/lifterlms-launchpad/app/ThemeLayout/EmbeddedStyles.php on line 640
[15-Feb-2026 01:55:18 UTC] PHP Deprecated:  Creation of dynamic property LaunchPad\ThemeLayout\HeaderLayout::$logo is deprecated in /wordpress/wp-content/themes/lifterlms-launchpad/app/ThemeLayout/HeaderLayout.php on line 98
[15-Feb-2026 01:55:18 UTC] PHP Deprecated:  Creation of dynamic property LaunchPad\ThemeLayout\HeaderLayout::$display_tagline is deprecated in /wordpress/wp-content/themes/lifterlms-launchpad/app/ThemeLayout/HeaderLayout.php on line 99
[15-Feb-2026 01:55:18 UTC] PHP Deprecated:  Creation of dynamic property LaunchPad\ThemeLayout\HeaderLayout::$branding_cols is deprecated in /wordpress/wp-content/themes/lifterlms-launchpad/app/ThemeLayout/HeaderLayout.php on line 102
[15-Feb-2026 01:55:18 UTC] PHP Deprecated:  Creation of dynamic property LaunchPad\ThemeLayout\HeaderLayout::$navigation_cols is deprecated in /wordpress/wp-content/themes/lifterlms-launchpad/app/ThemeLayout/HeaderLayout.php on line 103
[15-Feb-2026 01:55:18 UTC] PHP Deprecated:  Creation of dynamic property LaunchPad\ThemeLayout\HeaderLayout::$menu_args is deprecated in /wordpress/wp-content/themes/lifterlms-launchpad/app/ThemeLayout/HeaderLayout.php on line 105
[15-Feb-2026 01:55:18 UTC] PHP Deprecated:  Creation of dynamic property LaunchPad\ThemeLayout\HeaderLayout::$hide_header is deprecated in /wordpress/wp-content/themes/lifterlms-launchpad/app/ThemeLayout/HeaderLayout.php on line 111
